<?xml version="1.0" encoding="UTF-8"?>
<!-- Generated by org.testng.reporters.JUnitXMLReporter -->
<testsuite ignored="0" hostname="LAPTOP-0LVDC1NH" failures="0" tests="2" name="Default test" time="20.188" errors="0" timestamp="2020-06-29T14:16:50 CDT">
  <testcase classname="com.ecom.qa.testcases.HomePageTest" name="@BeforeMethod setUp" time="9.174">
    <failure type="org.openqa.selenium.SessionNotCreatedException" message="session not created
from chrome not reachable
  (Session info: chrome=83.0.4103.116)
Build info: version: &amp;apos;4.0.0-alpha-6&amp;apos;, revision: &amp;apos;5f43a29cfc&amp;apos;
System info: host: &amp;apos;LAPTOP-0LVDC1NH&amp;apos;, ip: &amp;apos;192.168.1.127&amp;apos;, os.name: &amp;apos;Windows 10&amp;apos;, os.arch: &amp;apos;amd64&amp;apos;, os.version: &amp;apos;10.0&amp;apos;, java.version: &amp;apos;13.0.1&amp;apos;
Driver info: driver.version: ChromeDriver
remote stacktrace: Backtrace:
	Ordinal0 [0x00DD9563+2725219]
	Ordinal0 [0x00CD8551+1672529]
	Ordinal0 [0x00BC0202+524802]
	Ordinal0 [0x00BB99B2+498098]
	Ordinal0 [0x00BBA09B+499867]
	Ordinal0 [0x00BBAFF5+503797]
	Ordinal0 [0x00BB6994+485780]
	Ordinal0 [0x00BC0FF0+528368]
	Ordinal0 [0x00B6D6C9+186057]
	Ordinal0 [0x00B6CA3D+182845]
	Ordinal0 [0x00B6A94B+174411]
	Ordinal0 [0x00B52528+75048]
	Ordinal0 [0x00B535A0+79264]
	Ordinal0 [0x00B53539+79161]
	Ordinal0 [0x00CED607+1758727]
	GetHandleVerifier [0x00EF6546+1050150]
	GetHandleVerifier [0x00EF6291+1049457]
	GetHandleVerifier [0x00F010D7+1094071]
	GetHandleVerifier [0x00EF6B46+1051686]
	Ordinal0 [0x00CE5B06+1727238]
	Ordinal0 [0x00CEEB7B+1764219]
	Ordinal0 [0x00CEECE3+1764579]
	Ordinal0 [0x00D04C05+1854469]
	BaseThreadInitThunk [0x755D6359+25]
	RtlGetAppContainerNamedObjectPath [0x77977C24+228]
	RtlGetAppContainerNamedObjectPath [0x77977BF4+180]
">
      <![CDATA[org.openqa.selenium.SessionNotCreatedException: session not created
from chrome not reachable
  (Session info: chrome=83.0.4103.116)
Build info: version: '4.0.0-alpha-6', revision: '5f43a29cfc'
System info: host: 'LAPTOP-0LVDC1NH', ip: '192.168.1.127', os.name: 'Windows 10', os.arch: 'amd64', os.version: '10.0', java.version: '13.0.1'
Driver info: driver.version: ChromeDriver
remote stacktrace: Backtrace:
Ordinal0 [0x00DD9563+2725219]
Ordinal0 [0x00CD8551+1672529]
Ordinal0 [0x00BC0202+524802]
Ordinal0 [0x00BB99B2+498098]
Ordinal0 [0x00BBA09B+499867]
Ordinal0 [0x00BBAFF5+503797]
Ordinal0 [0x00BB6994+485780]
Ordinal0 [0x00BC0FF0+528368]
Ordinal0 [0x00B6D6C9+186057]
Ordinal0 [0x00B6CA3D+182845]
Ordinal0 [0x00B6A94B+174411]
Ordinal0 [0x00B52528+75048]
Ordinal0 [0x00B535A0+79264]
Ordinal0 [0x00B53539+79161]
Ordinal0 [0x00CED607+1758727]
GetHandleVerifier [0x00EF6546+1050150]
GetHandleVerifier [0x00EF6291+1049457]
GetHandleVerifier [0x00F010D7+1094071]
GetHandleVerifier [0x00EF6B46+1051686]
Ordinal0 [0x00CE5B06+1727238]
Ordinal0 [0x00CEEB7B+1764219]
Ordinal0 [0x00CEECE3+1764579]
Ordinal0 [0x00D04C05+1854469]
BaseThreadInitThunk [0x755D6359+25]
RtlGetAppContainerNamedObjectPath [0x77977C24+228]
RtlGetAppContainerNamedObjectPath [0x77977BF4+180]

at java.base/jdk.internal.reflect.NativeConstructorAccessorImpl.newInstance0(Native Method)
at java.base/jdk.internal.reflect.NativeConstructorAccessorImpl.newInstance(NativeConstructorAccessorImpl.java:62)
at java.base/jdk.internal.reflect.DelegatingConstructorAccessorImpl.newInstance(DelegatingConstructorAccessorImpl.java:45)
at java.base/java.lang.reflect.Constructor.newInstanceWithCaller(Constructor.java:500)
at java.base/java.lang.reflect.Constructor.newInstance(Constructor.java:481)
at org.openqa.selenium.remote.W3CHandshakeResponse.lambda$errorHandler$0(W3CHandshakeResponse.java:62)
at org.openqa.selenium.remote.HandshakeResponse.lambda$getResponseFunction$0(HandshakeResponse.java:30)
at org.openqa.selenium.remote.ProtocolHandshake.lambda$createSession$1(ProtocolHandshake.java:126)
at java.base/java.util.stream.ReferencePipeline$3$1.accept(ReferencePipeline.java:195)
at java.base/java.util.Spliterators$ArraySpliterator.tryAdvance(Spliterators.java:958)
at java.base/java.util.stream.ReferencePipeline.forEachWithCancel(ReferencePipeline.java:127)
at java.base/java.util.stream.AbstractPipeline.copyIntoWithCancel(AbstractPipeline.java:502)
at java.base/java.util.stream.AbstractPipeline.copyInto(AbstractPipeline.java:488)
at java.base/java.util.stream.AbstractPipeline.wrapAndCopyInto(AbstractPipeline.java:474)
at java.base/java.util.stream.FindOps$FindOp.evaluateSequential(FindOps.java:150)
at java.base/java.util.stream.AbstractPipeline.evaluate(AbstractPipeline.java:234)
at java.base/java.util.stream.ReferencePipeline.findFirst(ReferencePipeline.java:543)
at org.openqa.selenium.remote.ProtocolHandshake.createSession(ProtocolHandshake.java:128)
at org.openqa.selenium.remote.ProtocolHandshake.createSession(ProtocolHandshake.java:75)
at org.openqa.selenium.remote.HttpCommandExecutor.execute(HttpCommandExecutor.java:138)
at org.openqa.selenium.remote.service.DriverCommandExecutor.execute(DriverCommandExecutor.java:83)
at org.openqa.selenium.remote.RemoteWebDriver.execute(RemoteWebDriver.java:582)
at org.openqa.selenium.remote.RemoteWebDriver.startSession(RemoteWebDriver.java:216)
at org.openqa.selenium.remote.RemoteWebDriver.<init>(RemoteWebDriver.java:136)
at org.openqa.selenium.chromium.ChromiumDriver.<init>(ChromiumDriver.java:75)
at org.openqa.selenium.chrome.ChromeDriver.<init>(ChromeDriver.java:163)
at org.openqa.selenium.chrome.ChromeDriver.<init>(ChromeDriver.java:150)
at org.openqa.selenium.chrome.ChromeDriver.<init>(ChromeDriver.java:105)
at com.ecom.qa.base.TestBase.initialization(TestBase.java:41)
at com.ecom.qa.testcases.HomePageTest.setUp(HomePageTest.java:25)
at java.base/jdk.internal.reflect.NativeMethodAccessorImpl.invoke0(Native Method)
at java.base/jdk.internal.reflect.NativeMethodAccessorImpl.invoke(NativeMethodAccessorImpl.java:62)
at java.base/jdk.internal.reflect.DelegatingMethodAccessorImpl.invoke(DelegatingMethodAccessorImpl.java:43)
at java.base/java.lang.reflect.Method.invoke(Method.java:567)
at org.testng.internal.MethodInvocationHelper.invokeMethod(MethodInvocationHelper.java:134)
at org.testng.internal.MethodInvocationHelper.invokeMethodConsideringTimeout(MethodInvocationHelper.java:63)
at org.testng.internal.ConfigInvoker.invokeConfigurationMethod(ConfigInvoker.java:348)
at org.testng.internal.ConfigInvoker.invokeConfigurations(ConfigInvoker.java:302)
at org.testng.internal.TestInvoker.runConfigMethods(TestInvoker.java:695)
at org.testng.internal.TestInvoker.invokeMethod(TestInvoker.java:523)
at org.testng.internal.TestInvoker.invokeTestMethod(TestInvoker.java:173)
at org.testng.internal.MethodRunner.runInSequence(MethodRunner.java:46)
at org.testng.internal.TestInvoker$MethodInvocationAgent.invoke(TestInvoker.java:816)
at org.testng.internal.TestInvoker.invokeTestMethods(TestInvoker.java:146)
at org.testng.internal.TestMethodWorker.invokeTestMethods(TestMethodWorker.java:146)
at org.testng.internal.TestMethodWorker.run(TestMethodWorker.java:128)
at java.base/java.util.ArrayList.forEach(ArrayList.java:1507)
at org.testng.TestRunner.privateRun(TestRunner.java:766)
at org.testng.TestRunner.run(TestRunner.java:587)
at org.testng.SuiteRunner.runTest(SuiteRunner.java:384)
at org.testng.SuiteRunner.runSequentially(SuiteRunner.java:378)
at org.testng.SuiteRunner.privateRun(SuiteRunner.java:337)
at org.testng.SuiteRunner.run(SuiteRunner.java:286)
at org.testng.SuiteRunnerWorker.runSuite(SuiteRunnerWorker.java:53)
at org.testng.SuiteRunnerWorker.run(SuiteRunnerWorker.java:96)
at org.testng.TestNG.runSuitesSequentially(TestNG.java:1187)
at org.testng.TestNG.runSuitesLocally(TestNG.java:1109)
at org.testng.TestNG.runSuites(TestNG.java:1039)
at org.testng.TestNG.run(TestNG.java:1007)
at org.testng.remote.AbstractRemoteTestNG.run(AbstractRemoteTestNG.java:115)
at org.testng.remote.RemoteTestNG.initAndRun(RemoteTestNG.java:251)
at org.testng.remote.RemoteTestNG.main(RemoteTestNG.java:77)
]]>
    </failure>
  </testcase> <!-- @BeforeMethod setUp -->
  <testcase classname="com.ecom.qa.testcases.HomePageTest" name="@AfterMethod teardown" time="-1.593458210314E9">
    <skipped/>
  </testcase> <!-- @AfterMethod teardown -->
  <testcase classname="com.ecom.qa.testcases.HomePageTest" name="validatehomepagetitleTest" time="0.012"/>
  <testcase classname="com.ecom.qa.testcases.HomePageTest" name="clickonTshortImage" time="0.0">
    <skipped/>
  </testcase> <!-- clickonTshortImage -->
</testsuite> <!-- Default test -->
